<?xml version="1.0" encoding="utf-8" standalone="no"?>
<!--This file represents the results of running a test suite-->
<test-results name="C:\dev\Node.cs\nodecs.test\nunittests.nunit" total="1" errors="0" failures="0" not-run="0" inconclusive="0" ignored="0" skipped="0" invalid="0" date="2011-02-21" time="17:44:43">
  <environment nunit-version="2.5.9.10348" clr-version="2.0.50727.4952" os-version="Microsoft Windows NT 6.1.7600.0" platform="Win32NT" cwd="C:\Program Files (x86)\NUnit 2.5.9\bin\net-2.0" machine-name="THEBEAN" user="robin" user-domain="thebean" />
  <culture-info current-culture="en-US" current-uiculture="en-US" />
  <test-suite type="Project" name="C:\dev\Node.cs\nodecs.test\nunittests.nunit" executed="True" result="Success" success="True" time="8.078" asserts="0">
    <results>
      <test-suite type="Assembly" name="C:\dev\Node.cs\nodecs.test\bin\Debug\nodecs.test.dll" executed="True" result="Success" success="True" time="8.064" asserts="0">
        <results>
          <test-suite type="Namespace" name="EventLoop" executed="True" result="Success" success="True" time="8.062" asserts="0">
            <results>
              <test-suite type="TestFixture" name="TimerManagerTests" executed="True" result="Success" success="True" time="8.057" asserts="0">
                <results>
                  <test-case name="EventLoop.TimerManagerTests.TestIt" executed="True" result="Success" success="True" time="8.045" asserts="2" />
                </results>
              </test-suite>
            </results>
          </test-suite>
        </results>
      </test-suite>
    </results>
  </test-suite>
</test-results>